Mar 26, 2016 11:16:20 AM com.sun.xml.internal.ws.server.sei.TieHandler createResponse
SEVERE: java.sql.SQLException: ORA-02291: integrity constraint (SCOTT.SYS_C004033) violated - parent key not found

java.lang.RuntimeException: java.sql.SQLException: ORA-02291: integrity constraint (SCOTT.SYS_C004033) violated - parent key not found

	at sales.OrderManager.placeOrder(OrderManager.java:44)
	at sun.reflect.NativeMethodAccessorImpl.invoke0(Native Method)
	at sun.reflect.NativeMethodAccessorImpl.invoke(NativeMethodAccessorImpl.java:62)
	at sun.reflect.DelegatingMethodAccessorImpl.invoke(DelegatingMethodAccessorImpl.java:43)
	at java.lang.reflect.Method.invoke(Method.java:483)
	at sun.reflect.misc.Trampoline.invoke(MethodUtil.java:71)
	at sun.reflect.NativeMethodAccessorImpl.invoke0(Native Method)
	at sun.reflect.NativeMethodAccessorImpl.invoke(NativeMethodAccessorImpl.java:62)
	at sun.reflect.DelegatingMethodAccessorImpl.invoke(DelegatingMethodAccessorImpl.java:43)
	at java.lang.reflect.Method.invoke(Method.java:483)
	at sun.reflect.misc.MethodUtil.invoke(MethodUtil.java:275)
	at sun.reflect.NativeMethodAccessorImpl.invoke0(Native Method)
	at sun.reflect.NativeMethodAccessorImpl.invoke(NativeMethodAccessorImpl.java:62)
	at sun.reflect.DelegatingMethodAccessorImpl.invoke(DelegatingMethodAccessorImpl.java:43)
	at java.lang.reflect.Method.invoke(Method.java:483)
	at com.sun.xml.internal.ws.api.server.MethodUtil.invoke(MethodUtil.java:68)
	at com.sun.xml.internal.ws.api.server.InstanceResolver$1.invoke(InstanceResolver.java:235)
	at com.sun.xml.internal.ws.server.InvokerTube$2.invoke(InvokerTube.java:134)
	at com.sun.xml.internal.ws.server.sei.SEIInvokerTube.processRequest(SEIInvokerTube.java:73)
	at com.sun.xml.internal.ws.api.pipe.Fiber.__doRun(Fiber.java:1121)
	at com.sun.xml.internal.ws.api.pipe.Fiber._doRun(Fiber.java:1035)
	at com.sun.xml.internal.ws.api.pipe.Fiber.doRun(Fiber.java:1004)
	at com.sun.xml.internal.ws.api.pipe.Fiber.runSync(Fiber.java:862)
	at com.sun.xml.internal.ws.server.WSEndpointImpl$2.process(WSEndpointImpl.java:404)
	at com.sun.xml.internal.ws.transport.http.HttpAdapter$HttpToolkit.handle(HttpAdapter.java:706)
	at com.sun.xml.internal.ws.transport.http.HttpAdapter.handle(HttpAdapter.java:260)
	at com.sun.xml.internal.ws.transport.http.server.WSHttpHandler.handleExchange(WSHttpHandler.java:98)
	at com.sun.xml.internal.ws.transport.http.server.WSHttpHandler.handle(WSHttpHandler.java:82)
	at com.sun.net.httpserver.Filter$Chain.doFilter(Filter.java:79)
	at sun.net.httpserver.AuthFilter.doFilter(AuthFilter.java:83)
	at com.sun.net.httpserver.Filter$Chain.doFilter(Filter.java:82)
	at sun.net.httpserver.ServerImpl$Exchange$LinkHandler.handle(ServerImpl.java:675)
	at com.sun.net.httpserver.Filter$Chain.doFilter(Filter.java:79)
	at sun.net.httpserver.ServerImpl$Exchange.run(ServerImpl.java:647)
	at java.util.concurrent.ThreadPoolExecutor.runWorker(ThreadPoolExecutor.java:1142)
	at java.util.concurrent.ThreadPoolExecutor$Worker.run(ThreadPoolExecutor.java:617)
	at java.lang.Thread.run(Thread.java:745)
Caused by: java.sql.SQLException: ORA-02291: integrity constraint (SCOTT.SYS_C004033) violated - parent key not found

	at oracle.jdbc.driver.DatabaseError.throwSqlException(DatabaseError.java:112)
	at oracle.jdbc.driver.T4CTTIoer.processError(T4CTTIoer.java:331)
	at oracle.jdbc.driver.T4CTTIoer.processError(T4CTTIoer.java:288)
	at oracle.jdbc.driver.T4C8Oall.receive(T4C8Oall.java:743)
	at oracle.jdbc.driver.T4CPreparedStatement.doOall8(T4CPreparedStatement.java:216)
	at oracle.jdbc.driver.T4CPreparedStatement.executeForRows(T4CPreparedStatement.java:955)
	at oracle.jdbc.driver.OracleStatement.doExecuteWithTimeout(OracleStatement.java:1169)
	at oracle.jdbc.driver.OraclePreparedStatement.executeInternal(OraclePreparedStatement.java:3285)
	at oracle.jdbc.driver.OraclePreparedStatement.executeUpdate(OraclePreparedStatement.java:3368)
	at sales.OrderManager.placeOrder(OrderManager.java:34)
	... 36 more

